<?xml version="1.0" encoding="UTF-8"?>
<testng-results ignored="0" total="4" passed="4" failed="0" skipped="0">
  <reporter-output>
  </reporter-output>
  <suite started-at="2025-03-03T18:05:41 IST" name="Suite" finished-at="2025-03-03T18:05:41 IST" duration-ms="37">
    <groups>
    </groups>
    <test started-at="2025-03-03T18:05:41 IST" name="Test" finished-at="2025-03-03T18:05:41 IST" duration-ms="37">
      <class name="pack2.OrgTest">
        <test-method signature="createorgTest()[pri:0, instance:pack2.OrgTest@6f96c77]" started-at="2025-03-03T18:05:41 IST" name="createorgTest" finished-at="2025-03-03T18:05:41 IST" duration-ms="0" status="PASS">
          <reporter-output>
          </reporter-output>
        </test-method> <!-- createorgTest -->
        <test-method signature="modifyorgTest()[pri:0, instance:pack2.OrgTest@6f96c77]" started-at="2025-03-03T18:05:41 IST" name="modifyorgTest" finished-at="2025-03-03T18:05:41 IST" duration-ms="0" status="PASS">
          <reporter-output>
          </reporter-output>
        </test-method> <!-- modifyorgTest -->
      </class> <!-- pack2.OrgTest -->
      <class name="pack1.ContactTest">
        <test-method signature="createcontactTest()[pri:0, instance:pack1.ContactTest@22a637e7]" started-at="2025-03-03T18:05:41 IST" name="createcontactTest" finished-at="2025-03-03T18:05:41 IST" duration-ms="3" status="PASS">
          <reporter-output>
          </reporter-output>
        </test-method> <!-- createcontactTest -->
        <test-method signature="modifycontactTest()[pri:0, instance:pack1.ContactTest@22a637e7]" started-at="2025-03-03T18:05:41 IST" name="modifycontactTest" finished-at="2025-03-03T18:05:41 IST" duration-ms="0" status="PASS">
          <reporter-output>
          </reporter-output>
        </test-method> <!-- modifycontactTest -->
      </class> <!-- pack1.ContactTest -->
    </test> <!-- Test -->
  </suite> <!-- Suite -->
</testng-results>
