<?xml version="1.0" encoding="UTF-8"?>
<!-- Generated by org.testng.reporters.JUnitXMLReporter -->
<testsuite ignored="0" hostname="DeepikaRajesh" failures="0" tests="4" name="Test" time="0.057" errors="0" timestamp="2025-03-03T14:53:14 IST">
  <testcase classname="pack1.ContactTest" name="createcontactTest" time="0.008"/>
  <testcase classname="pack1.ContactTest" name="modifycontactTest" time="0.001"/>
  <testcase classname="pack2.OrgTest" name="createorgTest" time="0.001"/>
  <testcase classname="pack2.OrgTest" name="modifyorgTest" time="0.001"/>
</testsuite> <!-- Test -->
