<?xml version="1.0" encoding="UTF-8"?>
<!-- Generated by org.testng.reporters.JUnitXMLReporter -->
<testsuite ignored="0" hostname="DeepikaRajesh" failures="0" tests="4" name="Test" time="0.037" errors="0" timestamp="2025-03-03T18:05:41 IST">
  <testcase classname="pack1.ContactTest" name="createcontactTest" time="0.003"/>
  <testcase classname="pack1.ContactTest" name="modifycontactTest" time="0.0"/>
  <testcase classname="pack2.OrgTest" name="createorgTest" time="0.0"/>
  <testcase classname="pack2.OrgTest" name="modifyorgTest" time="0.0"/>
</testsuite> <!-- Test -->
